{
  "stats": {
    "suites": 12,
    "tests": 41,
    "passes": 23,
    "pending": 0,
    "failures": 18,
    "start": "2022-03-26T20:53:49.994Z",
    "end": "2022-03-26T20:55:38.350Z",
    "duration": 108356,
    "testsRegistered": 41,
    "passPercent": 56.09756097560976,
    "pendingPercent": 0,
    "other": 0,
    "hasOther": false,
    "skipped": 0,
    "hasSkipped": false
  },
  "results": [
    {
      "uuid": "55804faa-eb2e-4c24-a2a6-eef066df5e55",
      "title": "",
      "fullFile": "cypress/integration/project.spec.js",
      "file": "cypress/integration/project.spec.js",
      "beforeHooks": [],
      "afterHooks": [],
      "tests": [],
      "suites": [
        {
          "uuid": "9e65aff0-76f6-46e1-a36b-2d493d47cba1",
          "title": "1 - Adicione à página o título \"Paleta de Cores\".",
          "fullFile": "",
          "file": "",
          "beforeHooks": [],
          "afterHooks": [],
          "tests": [
            {
              "title": "Verifica se contém um elemento `h1` com o id `title` com o título correto",
              "fullTitle": "1 - Adicione à página o título \"Paleta de Cores\". Verifica se contém um elemento `h1` com o id `title` com o título correto",
              "timedOut": null,
              "duration": 1033,
              "state": "passed",
              "speed": "slow",
              "pass": true,
              "fail": false,
              "pending": false,
              "context": null,
              "code": "cy.get('h1#title').should('contain.text', 'Paleta de Cores');",
              "err": {},
              "uuid": "8fa427e4-0674-4b98-af11-2500fc6db37f",
              "parentUUID": "9e65aff0-76f6-46e1-a36b-2d493d47cba1",
              "isHook": false,
              "skipped": false
            }
          ],
          "suites": [],
          "passes": [
            "8fa427e4-0674-4b98-af11-2500fc6db37f"
          ],
          "failures": [],
          "pending": [],
          "skipped": [],
          "duration": 1033,
          "root": false,
          "rootEmpty": false,
          "_timeout": 2000
        },
        {
          "uuid": "43cd541a-452b-4959-a5d8-3066473ac678",
          "title": "2 - Adicione à página uma paleta de quatro cores distintas.",
          "fullFile": "",
          "file": "",
          "beforeHooks": [],
          "afterHooks": [],
          "tests": [
            {
              "title": "A paleta de cores deve ser um elemento com `id` denominado `color-palette` e ter mais de 0px de altura e de largura.",
              "fullTitle": "2 - Adicione à página uma paleta de quatro cores distintas. A paleta de cores deve ser um elemento com `id` denominado `color-palette` e ter mais de 0px de altura e de largura.",
              "timedOut": null,
              "duration": 342,
              "state": "passed",
              "speed": "slow",
              "pass": true,
              "fail": false,
              "pending": false,
              "context": null,
              "code": "cy.get('#color-palette').should('be.visible');\ncy.get('#color-palette').children('.color');",
              "err": {},
              "uuid": "cfc17480-9a35-4c28-a2bc-f7afe315a751",
              "parentUUID": "43cd541a-452b-4959-a5d8-3066473ac678",
              "isHook": false,
              "skipped": false
            },
            {
              "title": "Verifica se cada cor individual da paleta de cores possui a `classe` chamada `color`.",
              "fullTitle": "2 - Adicione à página uma paleta de quatro cores distintas. Verifica se cada cor individual da paleta de cores possui a `classe` chamada `color`.",
              "timedOut": null,
              "duration": 422,
              "state": "passed",
              "speed": "slow",
              "pass": true,
              "fail": false,
              "pending": false,
              "context": null,
              "code": "cy.get('.color').should('have.length', 4).then(function (colors) {\n  for (var i = 0; i < colors.length; i++) {\n    cy.wrap(colors[i]).should('be.visible');\n  }\n});",
              "err": {},
              "uuid": "79408957-2fb7-46dc-80c8-42224b32f297",
              "parentUUID": "43cd541a-452b-4959-a5d8-3066473ac678",
              "isHook": false,
              "skipped": false
            },
            {
              "title": "Verifica se a cor de fundo de cada elemento da paleta é a cor que o elemento representa. **A única cor não permitida na paleta é a cor branca.**",
              "fullTitle": "2 - Adicione à página uma paleta de quatro cores distintas. Verifica se a cor de fundo de cada elemento da paleta é a cor que o elemento representa. **A única cor não permitida na paleta é a cor branca.**",
              "timedOut": null,
              "duration": 251,
              "state": "passed",
              "speed": "slow",
              "pass": true,
              "fail": false,
              "pending": false,
              "context": null,
              "code": "cy.get('.color').each(function (color) {\n  cy.wrap(color).should('have.class', 'color').and('not.have.css', 'background-color', WHITE);\n  cy.wrap(color).should('have.css', 'background-color');\n});",
              "err": {},
              "uuid": "654e1052-1bb2-4275-915a-72a71343ac0b",
              "parentUUID": "43cd541a-452b-4959-a5d8-3066473ac678",
              "isHook": false,
              "skipped": false
            },
            {
              "title": "Verifica se cada elemento da paleta de cores tem uma borda preta, sólida e com 1 pixel de largura;",
              "fullTitle": "2 - Adicione à página uma paleta de quatro cores distintas. Verifica se cada elemento da paleta de cores tem uma borda preta, sólida e com 1 pixel de largura;",
              "timedOut": null,
              "duration": 283,
              "state": "passed",
              "speed": "slow",
              "pass": true,
              "fail": false,
              "pending": false,
              "context": null,
              "code": "cy.get('.color').each(function (color) {\n  cy.wrap(color).and('have.css', 'border', \"1px solid \".concat(BLACK)).and('have.class', 'color');\n});",
              "err": {},
              "uuid": "f1b90235-e0b4-40bd-8fff-fcd1bebc1bb3",
              "parentUUID": "43cd541a-452b-4959-a5d8-3066473ac678",
              "isHook": false,
              "skipped": false
            },
            {
              "title": "Verifica se a paleta lista todas as cores disponíveis para utilização, lado a lado.",
              "fullTitle": "2 - Adicione à página uma paleta de quatro cores distintas. Verifica se a paleta lista todas as cores disponíveis para utilização, lado a lado.",
              "timedOut": null,
              "duration": 164,
              "state": "passed",
              "speed": "slow",
              "pass": true,
              "fail": false,
              "pending": false,
              "context": null,
              "code": "cy.get('.color').then(function (colors) {\n  for (var index = 1; index < colors.length; index += 1) {\n    var currentColor = colors[index];\n    var previousColor = colors[index - 1];\n    cy.wrap(currentColor).should('be.onTheRightOf', previousColor).and('be.horizontallyAlignedWith', previousColor);\n  }\n});",
              "err": {},
              "uuid": "e2e89f7a-e778-4afe-a318-f14c66a5e933",
              "parentUUID": "43cd541a-452b-4959-a5d8-3066473ac678",
              "isHook": false,
              "skipped": false
            },
            {
              "title": "Verifica se a paleta de cores está posicionada abaixo do título 'Paleta de Cores'",
              "fullTitle": "2 - Adicione à página uma paleta de quatro cores distintas. Verifica se a paleta de cores está posicionada abaixo do título 'Paleta de Cores'",
              "timedOut": null,
              "duration": 269,
              "state": "passed",
              "speed": "slow",
              "pass": true,
              "fail": false,
              "pending": false,
              "context": null,
              "code": "cy.get('h1#title').then(function (title) {\n  cy.get('#color-palette').should('be.belowOf', title);\n});",
              "err": {},
              "uuid": "c77ede4e-2ec3-4787-b960-8050b3f9f803",
              "parentUUID": "43cd541a-452b-4959-a5d8-3066473ac678",
              "isHook": false,
              "skipped": false
            },
            {
              "title": "Verifica se a paleta de cores não contém cores repetidas.",
              "fullTitle": "2 - Adicione à página uma paleta de quatro cores distintas. Verifica se a paleta de cores não contém cores repetidas.",
              "timedOut": null,
              "duration": 207,
              "state": "passed",
              "speed": "slow",
              "pass": true,
              "fail": false,
              "pending": false,
              "context": null,
              "code": "cy.get('.color').then(function (colors) {\n  var allColors = Array.from(colors).map(function (color) {\n    return Cypress.$(color).css('background-color');\n  });\n  cy.log(allColors);\n  var uniqColors = (0, _toConsumableArray2[\"default\"])(new Set(allColors));\n  cy.log(uniqColors);\n  expect(allColors.length).to.eq(uniqColors.length);\n});",
              "err": {},
              "uuid": "27637ae1-4fc6-4f0c-98a0-98f292924e2e",
              "parentUUID": "43cd541a-452b-4959-a5d8-3066473ac678",
              "isHook": false,
              "skipped": false
            }
          ],
          "suites": [],
          "passes": [
            "cfc17480-9a35-4c28-a2bc-f7afe315a751",
            "79408957-2fb7-46dc-80c8-42224b32f297",
            "654e1052-1bb2-4275-915a-72a71343ac0b",
            "f1b90235-e0b4-40bd-8fff-fcd1bebc1bb3",
            "e2e89f7a-e778-4afe-a318-f14c66a5e933",
            "c77ede4e-2ec3-4787-b960-8050b3f9f803",
            "27637ae1-4fc6-4f0c-98a0-98f292924e2e"
          ],
          "failures": [],
          "pending": [],
          "skipped": [],
          "duration": 1938,
          "root": false,
          "rootEmpty": false,
          "_timeout": 2000
        },
        {
          "uuid": "f6a14aa4-8012-42be-aaad-5aa4ee25fef4",
          "title": "3 - Adicione a cor **preta** como a primeira cor da paleta de cores.",
          "fullFile": "",
          "file": "",
          "beforeHooks": [],
          "afterHooks": [],
          "tests": [
            {
              "title": "Verifica se a primeira cor da paleta é preta",
              "fullTitle": "3 - Adicione a cor **preta** como a primeira cor da paleta de cores. Verifica se a primeira cor da paleta é preta",
              "timedOut": null,
              "duration": 264,
              "state": "passed",
              "speed": "slow",
              "pass": true,
              "fail": false,
              "pending": false,
              "context": null,
              "code": "cy.get('.color').first().should('have.css', 'background-color', BLACK);",
              "err": {},
              "uuid": "6f82ebf7-7dc2-4ff8-a457-2f31adb64abc",
              "parentUUID": "f6a14aa4-8012-42be-aaad-5aa4ee25fef4",
              "isHook": false,
              "skipped": false
            },
            {
              "title": "Verifica se as demais cores podem ser escolhidas livremente.",
              "fullTitle": "3 - Adicione a cor **preta** como a primeira cor da paleta de cores. Verifica se as demais cores podem ser escolhidas livremente.",
              "timedOut": null,
              "duration": 356,
              "state": "passed",
              "speed": "slow",
              "pass": true,
              "fail": false,
              "pending": false,
              "context": null,
              "code": "cy.get('.color').eq(1).should('not.have.css', 'background-color', BLACK);\ncy.get('.color').eq(1).should('not.have.css', 'background-color', WHITE);\ncy.get('.color').eq(1).should('not.have.css', 'background-color', 'rgba(0, 0, 0, 0)');\ncy.get('.color').eq(1).should('have.css', 'background-color');\ncy.get('.color').eq(2).should('not.have.css', 'background-color', BLACK);\ncy.get('.color').eq(2).should('not.have.css', 'background-color', WHITE);\ncy.get('.color').eq(2).should('not.have.css', 'background-color', 'rgba(0, 0, 0, 0)');\ncy.get('.color').eq(2).should('have.css', 'background-color');\ncy.get('.color').eq(3).should('not.have.css', 'background-color', BLACK);\ncy.get('.color').eq(3).should('not.have.css', 'background-color', WHITE);\ncy.get('.color').eq(3).should('not.have.css', 'background-color', 'rgba(0, 0, 0, 0)');\ncy.get('.color').eq(3).should('have.css', 'background-color');",
              "err": {},
              "uuid": "0b87ede0-976d-44a5-991a-16ccd17accdc",
              "parentUUID": "f6a14aa4-8012-42be-aaad-5aa4ee25fef4",
              "isHook": false,
              "skipped": false
            }
          ],
          "suites": [],
          "passes": [
            "6f82ebf7-7dc2-4ff8-a457-2f31adb64abc",
            "0b87ede0-976d-44a5-991a-16ccd17accdc"
          ],
          "failures": [],
          "pending": [],
          "skipped": [],
          "duration": 620,
          "root": false,
          "rootEmpty": false,
          "_timeout": 2000
        },
        {
          "uuid": "b4eb5c5d-ffa5-4e29-8bba-e2bfc4e6fe45",
          "title": "4 - Adicione à página um quadro de pixels, com 25 pixels.",
          "fullFile": "",
          "file": "",
          "beforeHooks": [],
          "afterHooks": [],
          "tests": [
            {
              "title": "Verifica se o quadro de pixels possui o `id` denominado `pixel-board`",
              "fullTitle": "4 - Adicione à página um quadro de pixels, com 25 pixels. Verifica se o quadro de pixels possui o `id` denominado `pixel-board`",
              "timedOut": null,
              "duration": 224,
              "state": "passed",
              "speed": "slow",
              "pass": true,
              "fail": false,
              "pending": false,
              "context": null,
              "code": "cy.get('#pixel-board').should('be.visible');",
              "err": {},
              "uuid": "044c6c43-f9a0-4719-ba52-dc171aaade9e",
              "parentUUID": "b4eb5c5d-ffa5-4e29-8bba-e2bfc4e6fe45",
              "isHook": false,
              "skipped": false
            },
            {
              "title": "Verifica se cada pixel individual dentro do quadro possui a `classe` denominada `pixel`.",
              "fullTitle": "4 - Adicione à página um quadro de pixels, com 25 pixels. Verifica se cada pixel individual dentro do quadro possui a `classe` denominada `pixel`.",
              "timedOut": null,
              "duration": 172,
              "state": "passed",
              "speed": "slow",
              "pass": true,
              "fail": false,
              "pending": false,
              "context": null,
              "code": "cy.get('.pixel').should('have.length', 25);",
              "err": {},
              "uuid": "a4d4e7cc-727e-45d9-a5e4-a79bc6c8831e",
              "parentUUID": "b4eb5c5d-ffa5-4e29-8bba-e2bfc4e6fe45",
              "isHook": false,
              "skipped": false
            },
            {
              "title": "Verifica se a cor inicial dos pixels dentro do quadro, ao abrir a página, é branca.",
              "fullTitle": "4 - Adicione à página um quadro de pixels, com 25 pixels. Verifica se a cor inicial dos pixels dentro do quadro, ao abrir a página, é branca.",
              "timedOut": null,
              "duration": 393,
              "state": "passed",
              "speed": "slow",
              "pass": true,
              "fail": false,
              "pending": false,
              "context": null,
              "code": "cy.get('.pixel').should('have.length', 25).each(function (pixel) {\n  expect(pixel).to.have.css('background-color', WHITE);\n});",
              "err": {},
              "uuid": "2449eff8-e86a-4281-84fc-df2f64eacc1c",
              "parentUUID": "b4eb5c5d-ffa5-4e29-8bba-e2bfc4e6fe45",
              "isHook": false,
              "skipped": false
            },
            {
              "title": "Verifica se o quadro de pixels aparece abaixo da paleta de cores",
              "fullTitle": "4 - Adicione à página um quadro de pixels, com 25 pixels. Verifica se o quadro de pixels aparece abaixo da paleta de cores",
              "timedOut": null,
              "duration": 206,
              "state": "passed",
              "speed": "slow",
              "pass": true,
              "fail": false,
              "pending": false,
              "context": null,
              "code": "cy.get('#color-palette').then(function (palette) {\n  cy.get('#pixel-board').should('be.belowOf', palette);\n});",
              "err": {},
              "uuid": "bb198e5a-e07c-4c4e-8368-54a2a79a20ed",
              "parentUUID": "b4eb5c5d-ffa5-4e29-8bba-e2bfc4e6fe45",
              "isHook": false,
              "skipped": false
            }
          ],
          "suites": [],
          "passes": [
            "044c6c43-f9a0-4719-ba52-dc171aaade9e",
            "a4d4e7cc-727e-45d9-a5e4-a79bc6c8831e",
            "2449eff8-e86a-4281-84fc-df2f64eacc1c",
            "bb198e5a-e07c-4c4e-8368-54a2a79a20ed"
          ],
          "failures": [],
          "pending": [],
          "skipped": [],
          "duration": 995,
          "root": false,
          "rootEmpty": false,
          "_timeout": 2000
        },
        {
          "uuid": "132268a4-e65b-415b-a3ef-f530a4f763e7",
          "title": "5 - Faça com que cada elemento do quadro de pixels possua 40 pixels de largura, 40 pixels de altura e seja delimitado por uma borda preta de 1 pixel.",
          "fullFile": "",
          "file": "",
          "beforeHooks": [],
          "afterHooks": [],
          "tests": [
            {
              "title": "Verifica se o quadro de pixels tem altura e comprimento de 5 elementos",
              "fullTitle": "5 - Faça com que cada elemento do quadro de pixels possua 40 pixels de largura, 40 pixels de altura e seja delimitado por uma borda preta de 1 pixel. Verifica se o quadro de pixels tem altura e comprimento de 5 elementos",
              "timedOut": null,
              "duration": 545,
              "state": "passed",
              "speed": "slow",
              "pass": true,
              "fail": false,
              "pending": false,
              "context": null,
              "code": "cy.get('.pixel').should('have.length', 25).each(function (pixel) {\n  expect(pixel).to.have.css('background-color', WHITE);\n}).and(function (pixels) {\n  var rows = chunk(pixels, 5);\n  rows.forEach(function (row) {\n    for (var index = 1; index < row.length; index += 1) {\n      var current = pixels[index];\n      var previous = pixels[index - 1];\n      cy.wrap(current).should('be.onTheRightOf', previous).and('be.horizontallyAlignedWith', previous);\n    }\n  });\n  for (var index = 1; index < 5; index += 1) {\n    expect(pixels[index * 5]).to.be.belowOf(pixels[(index - 1) * 5]);\n  }\n});",
              "err": {},
              "uuid": "04054a94-5ac2-492d-a335-119c8e4b26e9",
              "parentUUID": "132268a4-e65b-415b-a3ef-f530a4f763e7",
              "isHook": false,
              "skipped": false
            },
            {
              "title": "Verifica se 40 pixels é o tamanho total do elemento, incluindo seu conteúdo e excluindo a borda preta, que deve ser criada à parte.",
              "fullTitle": "5 - Faça com que cada elemento do quadro de pixels possua 40 pixels de largura, 40 pixels de altura e seja delimitado por uma borda preta de 1 pixel. Verifica se 40 pixels é o tamanho total do elemento, incluindo seu conteúdo e excluindo a borda preta, que deve ser criada à parte.",
              "timedOut": null,
              "duration": 444,
              "state": "passed",
              "speed": "slow",
              "pass": true,
              "fail": false,
              "pending": false,
              "context": null,
              "code": "cy.get('.pixel').each(function (pixel) {\n  cy.wrap(pixel).should('have.css', 'height', '40px').and('have.css', 'width', '40px').and('have.css', 'border', \"1px solid \".concat(BLACK));\n});",
              "err": {},
              "uuid": "19140282-b105-45d7-a12e-c1a2db3e9d46",
              "parentUUID": "132268a4-e65b-415b-a3ef-f530a4f763e7",
              "isHook": false,
              "skipped": false
            }
          ],
          "suites": [],
          "passes": [
            "04054a94-5ac2-492d-a335-119c8e4b26e9",
            "19140282-b105-45d7-a12e-c1a2db3e9d46"
          ],
          "failures": [],
          "pending": [],
          "skipped": [],
          "duration": 989,
          "root": false,
          "rootEmpty": false,
          "_timeout": 2000
        },
        {
          "uuid": "0db9cad2-1a91-438d-b493-598bd662c4a4",
          "title": "6 - Defina a cor preta como cor inicial. Ao carregar a página a cor preta já deve estar selecionada para pintar os pixels",
          "fullFile": "",
          "file": "",
          "beforeHooks": [],
          "afterHooks": [],
          "tests": [
            {
              "title": "Verifica se o elemento da cor preta possui, inicialmente, a `classe` `selected`",
              "fullTitle": "6 - Defina a cor preta como cor inicial. Ao carregar a página a cor preta já deve estar selecionada para pintar os pixels Verifica se o elemento da cor preta possui, inicialmente, a `classe` `selected`",
              "timedOut": null,
              "duration": 248,
              "state": "passed",
              "speed": "slow",
              "pass": true,
              "fail": false,
              "pending": false,
              "context": null,
              "code": "cy.get('.selected').first().should('have.css', 'background-color', BLACK);",
              "err": {},
              "uuid": "b7ba3e59-a869-4878-bca2-c4c48baeb889",
              "parentUUID": "0db9cad2-1a91-438d-b493-598bd662c4a4",
              "isHook": false,
              "skipped": false
            },
            {
              "title": "Verifica se nenhuma outra cor da paleta tem a `classe` `selected`",
              "fullTitle": "6 - Defina a cor preta como cor inicial. Ao carregar a página a cor preta já deve estar selecionada para pintar os pixels Verifica se nenhuma outra cor da paleta tem a `classe` `selected`",
              "timedOut": null,
              "duration": 257,
              "state": "passed",
              "speed": "slow",
              "pass": true,
              "fail": false,
              "pending": false,
              "context": null,
              "code": "cy.get('.color:not(:first-child)').each(function (color) {\n  cy.wrap(color).should('not.have.class', 'selected');\n});",
              "err": {},
              "uuid": "2ed50c82-0c14-4c6c-b3de-837aec3ab1d4",
              "parentUUID": "0db9cad2-1a91-438d-b493-598bd662c4a4",
              "isHook": false,
              "skipped": false
            }
          ],
          "suites": [],
          "passes": [
            "b7ba3e59-a869-4878-bca2-c4c48baeb889",
            "2ed50c82-0c14-4c6c-b3de-837aec3ab1d4"
          ],
          "failures": [],
          "pending": [],
          "skipped": [],
          "duration": 505,
          "root": false,
          "rootEmpty": false,
          "_timeout": 2000
        },
        {
          "uuid": "6fb87727-353e-4c59-94d3-e01107b69b2c",
          "title": "7 - Clicar em uma das cores da paleta, faz com que ela seja selecionada e utilizada para preencher os pixels no quadro.",
          "fullFile": "",
          "file": "",
          "beforeHooks": [],
          "afterHooks": [],
          "tests": [
            {
              "title": "Verifica se somente uma cor da paleta de cores tem a classe `selected` de cada vez",
              "fullTitle": "7 - Clicar em uma das cores da paleta, faz com que ela seja selecionada e utilizada para preencher os pixels no quadro. Verifica se somente uma cor da paleta de cores tem a classe `selected` de cada vez",
              "timedOut": null,
              "duration": 631,
              "state": "passed",
              "speed": "slow",
              "pass": true,
              "fail": false,
              "pending": false,
              "context": null,
              "code": "cy.get('.color').each(function (selectedColor, selectedColorIndex) {\n  cy.wrap(selectedColor).click();\n  cy.get('.color').each(function (color, colorIndex) {\n    if (colorIndex === selectedColorIndex) {\n      expect(color).to.have[\"class\"]('selected');\n    } else {\n      expect(color).not.to.have[\"class\"]('selected');\n    }\n  });\n});",
              "err": {},
              "uuid": "ef133285-ffd5-4e19-a65b-0a57191b7763",
              "parentUUID": "6fb87727-353e-4c59-94d3-e01107b69b2c",
              "isHook": false,
              "skipped": false
            },
            {
              "title": "Verifica se os pixels dentro do quadro não têm a classe `selected` quando são clicados",
              "fullTitle": "7 - Clicar em uma das cores da paleta, faz com que ela seja selecionada e utilizada para preencher os pixels no quadro. Verifica se os pixels dentro do quadro não têm a classe `selected` quando são clicados",
              "timedOut": null,
              "duration": 9007,
              "state": "passed",
              "speed": "slow",
              "pass": true,
              "fail": false,
              "pending": false,
              "context": null,
              "code": "cy.get('.color').each(function (color) {\n  var backgroundColor = color.css('background-color');\n  cy.wrap(color).click();\n  cy.get('.pixel').each(function (pixel) {\n    cy.wrap(pixel).click().should('not.have.class', 'selected');\n  });\n});",
              "err": {},
              "uuid": "5c04a20b-8773-4213-a6a3-fe1efad295a8",
              "parentUUID": "6fb87727-353e-4c59-94d3-e01107b69b2c",
              "isHook": false,
              "skipped": false
            }
          ],
          "suites": [],
          "passes": [
            "ef133285-ffd5-4e19-a65b-0a57191b7763",
            "5c04a20b-8773-4213-a6a3-fe1efad295a8"
          ],
          "failures": [],
          "pending": [],
          "skipped": [],
          "duration": 9638,
          "root": false,
          "rootEmpty": false,
          "_timeout": 2000
        },
        {
          "uuid": "e6bf76a8-910f-4c8a-965f-a829769949ce",
          "title": "8 - Clicar em um pixel dentro do quadro após selecionar uma cor na paleta, faz com que o pixel seja preenchido com a cor selecionada.",
          "fullFile": "",
          "file": "",
          "beforeHooks": [],
          "afterHooks": [],
          "tests": [
            {
              "title": "Verifica se ao carregar a página deve ser possível pintar os pixels de preto",
              "fullTitle": "8 - Clicar em um pixel dentro do quadro após selecionar uma cor na paleta, faz com que o pixel seja preenchido com a cor selecionada. Verifica se ao carregar a página deve ser possível pintar os pixels de preto",
              "timedOut": null,
              "duration": 2438,
              "state": "passed",
              "speed": "slow",
              "pass": true,
              "fail": false,
              "pending": false,
              "context": null,
              "code": "cy.get('.pixel').each(function (pixel) {\n  cy.wrap(pixel).click().should('have.css', 'background-color', BLACK);\n});",
              "err": {},
              "uuid": "012e383e-ecbc-4315-83ed-77090497f54a",
              "parentUUID": "e6bf76a8-910f-4c8a-965f-a829769949ce",
              "isHook": false,
              "skipped": false
            },
            {
              "title": "Verifica se após selecionar uma outra cor na paleta, é possível pintar os pixels com essa cor",
              "fullTitle": "8 - Clicar em um pixel dentro do quadro após selecionar uma cor na paleta, faz com que o pixel seja preenchido com a cor selecionada. Verifica se após selecionar uma outra cor na paleta, é possível pintar os pixels com essa cor",
              "timedOut": null,
              "duration": 8886,
              "state": "passed",
              "speed": "slow",
              "pass": true,
              "fail": false,
              "pending": false,
              "context": null,
              "code": "cy.get('.color').each(function (color) {\n  var backgroundColor = color.css('background-color');\n  cy.wrap(color).click();\n  cy.get('.pixel').each(function (pixel) {\n    cy.wrap(pixel).click().should('have.css', 'background-color', backgroundColor);\n  });\n});",
              "err": {},
              "uuid": "9f88efdf-f05e-487b-833f-0a1d891f0ae9",
              "parentUUID": "e6bf76a8-910f-4c8a-965f-a829769949ce",
              "isHook": false,
              "skipped": false
            },
            {
              "title": "Verifica se somente o pixel que foi clicado foi preenchido com a cor selecionada, sem influenciar na cor dos demais pixels.",
              "fullTitle": "8 - Clicar em um pixel dentro do quadro após selecionar uma cor na paleta, faz com que o pixel seja preenchido com a cor selecionada. Verifica se somente o pixel que foi clicado foi preenchido com a cor selecionada, sem influenciar na cor dos demais pixels.",
              "timedOut": null,
              "duration": 2110,
              "state": "passed",
              "speed": "slow",
              "pass": true,
              "fail": false,
              "pending": false,
              "context": null,
              "code": "var colorToPixelIndexMap = {\n  0: 6,\n  1: 8,\n  2: 16,\n  3: 18\n};\ncy.get('.color').each(function (color, index) {\n  cy.wrap(color).click();\n  var backgroundColor = color.css('background-color');\n  var clickedPixelIndex = colorToPixelIndexMap[index];\n  cy.get('.pixel').eq(clickedPixelIndex).click();\n  cy.get('.pixel').eq(clickedPixelIndex - 1).should('not.have.css', 'background-color', backgroundColor);\n  cy.get('.pixel').eq(clickedPixelIndex + 1).should('not.have.css', 'background-color', backgroundColor);\n  cy.get('.pixel').eq(clickedPixelIndex - 5).should('not.have.css', 'background-color', backgroundColor);\n  cy.get('.pixel').eq(clickedPixelIndex + 5).should('not.have.css', 'background-color', backgroundColor);\n  cy.get('.pixel').eq(clickedPixelIndex - 6).should('not.have.css', 'background-color', backgroundColor);\n  cy.get('.pixel').eq(clickedPixelIndex - 4).should('not.have.css', 'background-color', backgroundColor);\n  cy.get('.pixel').eq(clickedPixelIndex + 4).should('not.have.css', 'background-color', backgroundColor);\n  cy.get('.pixel').eq(clickedPixelIndex + 6).should('not.have.css', 'background-color', backgroundColor);\n});",
              "err": {},
              "uuid": "daae86fd-9076-436a-ab30-e6ea95fc0f77",
              "parentUUID": "e6bf76a8-910f-4c8a-965f-a829769949ce",
              "isHook": false,
              "skipped": false
            }
          ],
          "suites": [],
          "passes": [
            "012e383e-ecbc-4315-83ed-77090497f54a",
            "9f88efdf-f05e-487b-833f-0a1d891f0ae9",
            "daae86fd-9076-436a-ab30-e6ea95fc0f77"
          ],
          "failures": [],
          "pending": [],
          "skipped": [],
          "duration": 13434,
          "root": false,
          "rootEmpty": false,
          "_timeout": 2000
        },
        {
          "uuid": "d5525786-180f-42e5-9e0a-304e75768c2e",
          "title": "9 - Crie um botão que, ao ser clicado, limpa o quadro preenchendo a cor de todos seus pixels com branco.",
          "fullFile": "",
          "file": "",
          "beforeHooks": [],
          "afterHooks": [],
          "tests": [
            {
              "title": "Verifica se o botão tem o `id` denominado `clear-board`",
              "fullTitle": "9 - Crie um botão que, ao ser clicado, limpa o quadro preenchendo a cor de todos seus pixels com branco. Verifica se o botão tem o `id` denominado `clear-board`",
              "timedOut": null,
              "duration": 4626,
              "state": "failed",
              "speed": null,
              "pass": false,
              "fail": true,
              "pending": false,
              "context": null,
              "code": "cy.get('#clear-board').should('be.visible');",
              "err": {
                "message": "CypressError: Timed out retrying: Expected to find element: '#clear-board', but never found it.",
                "estack": "CypressError: Timed out retrying: Expected to find element: '#clear-board', but never found it.\n    at cypressErr (http://localhost:42747/__cypress/runner/cypress_runner.js:149934:9)\n    at throwErr (http://localhost:42747/__cypress/runner/cypress_runner.js:149867:11)\n    at Object.throwErrByPath (http://localhost:42747/__cypress/runner/cypress_runner.js:149915:3)\n    at retry (http://localhost:42747/__cypress/runner/cypress_runner.js:144197:19)\n    at onFailFn (http://localhost:42747/__cypress/runner/cypress_runner.js:132448:16)\n    at tryCatcher (http://localhost:42747/__cypress/runner/cypress_runner.js:167415:23)\n    at Promise._settlePromiseFromHandler (http://localhost:42747/__cypress/runner/cypress_runner.js:165351:31)\n    at Promise._settlePromise (http://localhost:42747/__cypress/runner/cypress_runner.js:165408:18)\n    at Promise._settlePromise0 (http://localhost:42747/__cypress/runner/cypress_runner.js:165453:10)\n    at Promise._settlePromises (http://localhost:42747/__cypress/runner/cypress_runner.js:165528:18)\n    at Async../node_modules/bluebird/js/release/async.js.Async._drainQueue (http://localhost:42747/__cypress/runner/cypress_runner.js:162140:16)\n    at Async../node_modules/bluebird/js/release/async.js.Async._drainQueues (http://localhost:42747/__cypress/runner/cypress_runner.js:162150:10)\n    at Async.drainQueues (http://localhost:42747/__cypress/runner/cypress_runner.js:162024:14)",
                "diff": null
              },
              "uuid": "cb856786-8256-45cf-b51b-93d1e79179fb",
              "parentUUID": "d5525786-180f-42e5-9e0a-304e75768c2e",
              "isHook": false,
              "skipped": false
            },
            {
              "title": "Verifica se o botão está posicionado entre a paleta de cores e o quadro de pixels",
              "fullTitle": "9 - Crie um botão que, ao ser clicado, limpa o quadro preenchendo a cor de todos seus pixels com branco. Verifica se o botão está posicionado entre a paleta de cores e o quadro de pixels",
              "timedOut": null,
              "duration": 4623,
              "state": "failed",
              "speed": null,
              "pass": false,
              "fail": true,
              "pending": false,
              "context": null,
              "code": "cy.get('#color-palette').then(function (palette) {\n  cy.get('#clear-board').should('be.belowOf', palette);\n});\ncy.get('#clear-board').then(function (clearBtn) {\n  cy.get('#pixel-board').should('be.belowOf', clearBtn);\n});",
              "err": {
                "message": "CypressError: Timed out retrying: Expected to find element: '#clear-board', but never found it.",
                "estack": "CypressError: Timed out retrying: Expected to find element: '#clear-board', but never found it.\n    at cypressErr (http://localhost:42747/__cypress/runner/cypress_runner.js:149934:9)\n    at throwErr (http://localhost:42747/__cypress/runner/cypress_runner.js:149867:11)\n    at Object.throwErrByPath (http://localhost:42747/__cypress/runner/cypress_runner.js:149915:3)\n    at retry (http://localhost:42747/__cypress/runner/cypress_runner.js:144197:19)\n    at onFailFn (http://localhost:42747/__cypress/runner/cypress_runner.js:132448:16)\n    at tryCatcher (http://localhost:42747/__cypress/runner/cypress_runner.js:167415:23)\n    at Promise._settlePromiseFromHandler (http://localhost:42747/__cypress/runner/cypress_runner.js:165351:31)\n    at Promise._settlePromise (http://localhost:42747/__cypress/runner/cypress_runner.js:165408:18)\n    at Promise._settlePromise0 (http://localhost:42747/__cypress/runner/cypress_runner.js:165453:10)\n    at Promise._settlePromises (http://localhost:42747/__cypress/runner/cypress_runner.js:165528:18)\n    at Async../node_modules/bluebird/js/release/async.js.Async._drainQueue (http://localhost:42747/__cypress/runner/cypress_runner.js:162140:16)\n    at Async../node_modules/bluebird/js/release/async.js.Async._drainQueues (http://localhost:42747/__cypress/runner/cypress_runner.js:162150:10)\n    at Async.drainQueues (http://localhost:42747/__cypress/runner/cypress_runner.js:162024:14)",
                "diff": null
              },
              "uuid": "0686f064-379b-4712-8687-10f17bd2f82c",
              "parentUUID": "d5525786-180f-42e5-9e0a-304e75768c2e",
              "isHook": false,
              "skipped": false
            },
            {
              "title": "Verifica se o texto do botão é 'Limpar'",
              "fullTitle": "9 - Crie um botão que, ao ser clicado, limpa o quadro preenchendo a cor de todos seus pixels com branco. Verifica se o texto do botão é 'Limpar'",
              "timedOut": null,
              "duration": 4630,
              "state": "failed",
              "speed": null,
              "pass": false,
              "fail": true,
              "pending": false,
              "context": null,
              "code": "cy.get('#clear-board').should('contain.text', 'Limpar');",
              "err": {
                "message": "CypressError: Timed out retrying: Expected to find element: '#clear-board', but never found it.",
                "estack": "CypressError: Timed out retrying: Expected to find element: '#clear-board', but never found it.\n    at cypressErr (http://localhost:42747/__cypress/runner/cypress_runner.js:149934:9)\n    at throwErr (http://localhost:42747/__cypress/runner/cypress_runner.js:149867:11)\n    at Object.throwErrByPath (http://localhost:42747/__cypress/runner/cypress_runner.js:149915:3)\n    at retry (http://localhost:42747/__cypress/runner/cypress_runner.js:144197:19)\n    at onFailFn (http://localhost:42747/__cypress/runner/cypress_runner.js:132448:16)\n    at tryCatcher (http://localhost:42747/__cypress/runner/cypress_runner.js:167415:23)\n    at Promise._settlePromiseFromHandler (http://localhost:42747/__cypress/runner/cypress_runner.js:165351:31)\n    at Promise._settlePromise (http://localhost:42747/__cypress/runner/cypress_runner.js:165408:18)\n    at Promise._settlePromise0 (http://localhost:42747/__cypress/runner/cypress_runner.js:165453:10)\n    at Promise._settlePromises (http://localhost:42747/__cypress/runner/cypress_runner.js:165528:18)\n    at Async../node_modules/bluebird/js/release/async.js.Async._drainQueue (http://localhost:42747/__cypress/runner/cypress_runner.js:162140:16)\n    at Async../node_modules/bluebird/js/release/async.js.Async._drainQueues (http://localhost:42747/__cypress/runner/cypress_runner.js:162150:10)\n    at Async.drainQueues (http://localhost:42747/__cypress/runner/cypress_runner.js:162024:14)",
                "diff": null
              },
              "uuid": "dfc4cb0d-8863-40c4-8127-c92e2a2abc5e",
              "parentUUID": "d5525786-180f-42e5-9e0a-304e75768c2e",
              "isHook": false,
              "skipped": false
            },
            {
              "title": "Verifica se ao clicar no botão, o quadro de pixels é totalmente preenchido de branco",
              "fullTitle": "9 - Crie um botão que, ao ser clicado, limpa o quadro preenchendo a cor de todos seus pixels com branco. Verifica se ao clicar no botão, o quadro de pixels é totalmente preenchido de branco",
              "timedOut": null,
              "duration": 6711,
              "state": "failed",
              "speed": null,
              "pass": false,
              "fail": true,
              "pending": false,
              "context": null,
              "code": "cy.get('.color').eq(1).then(function (color) {\n  var backgroundColor = color.css('background-color');\n  cy.wrap(color).click();\n  cy.get('.pixel').each(function (pixel) {\n    cy.wrap(pixel).click().should('have.css', 'background-color', backgroundColor);\n  });\n});\ncy.get('#clear-board').click();\ncy.get('.pixel').each(function (pixel) {\n  cy.wrap(pixel).should('have.css', 'background-color', WHITE);\n});",
              "err": {
                "message": "CypressError: Timed out retrying: Expected to find element: '#clear-board', but never found it.",
                "estack": "CypressError: Timed out retrying: Expected to find element: '#clear-board', but never found it.\n    at cypressErr (http://localhost:42747/__cypress/runner/cypress_runner.js:149934:9)\n    at throwErr (http://localhost:42747/__cypress/runner/cypress_runner.js:149867:11)\n    at Object.throwErrByPath (http://localhost:42747/__cypress/runner/cypress_runner.js:149915:3)\n    at retry (http://localhost:42747/__cypress/runner/cypress_runner.js:144197:19)\n    at onFailFn (http://localhost:42747/__cypress/runner/cypress_runner.js:132448:16)\n    at tryCatcher (http://localhost:42747/__cypress/runner/cypress_runner.js:167415:23)\n    at Promise._settlePromiseFromHandler (http://localhost:42747/__cypress/runner/cypress_runner.js:165351:31)\n    at Promise._settlePromise (http://localhost:42747/__cypress/runner/cypress_runner.js:165408:18)\n    at Promise._settlePromise0 (http://localhost:42747/__cypress/runner/cypress_runner.js:165453:10)\n    at Promise._settlePromises (http://localhost:42747/__cypress/runner/cypress_runner.js:165528:18)\n    at Async../node_modules/bluebird/js/release/async.js.Async._drainQueue (http://localhost:42747/__cypress/runner/cypress_runner.js:162140:16)\n    at Async../node_modules/bluebird/js/release/async.js.Async._drainQueues (http://localhost:42747/__cypress/runner/cypress_runner.js:162150:10)\n    at Async.drainQueues (http://localhost:42747/__cypress/runner/cypress_runner.js:162024:14)",
                "diff": null
              },
              "uuid": "5ce6d37c-3560-4a86-bd0b-d0947ce9e130",
              "parentUUID": "d5525786-180f-42e5-9e0a-304e75768c2e",
              "isHook": false,
              "skipped": false
            }
          ],
          "suites": [],
          "passes": [],
          "failures": [
            "cb856786-8256-45cf-b51b-93d1e79179fb",
            "0686f064-379b-4712-8687-10f17bd2f82c",
            "dfc4cb0d-8863-40c4-8127-c92e2a2abc5e",
            "5ce6d37c-3560-4a86-bd0b-d0947ce9e130"
          ],
          "pending": [],
          "skipped": [],
          "duration": 20590,
          "root": false,
          "rootEmpty": false,
          "_timeout": 2000
        },
        {
          "uuid": "4edb61b5-faaa-4564-8416-1a8a31758655",
          "title": "10 - Faça o quadro de pixels ter seu tamanho definido pelo usuário.",
          "fullFile": "",
          "file": "",
          "beforeHooks": [],
          "afterHooks": [],
          "tests": [
            {
              "title": "Verifica se existe um input com o id `board-size`",
              "fullTitle": "10 - Faça o quadro de pixels ter seu tamanho definido pelo usuário. Verifica se existe um input com o id `board-size`",
              "timedOut": null,
              "duration": 4670,
              "state": "failed",
              "speed": null,
              "pass": false,
              "fail": true,
              "pending": false,
              "context": null,
              "code": "cy.get('#board-size').should('be.visible');",
              "err": {
                "message": "CypressError: Timed out retrying: Expected to find element: '#board-size', but never found it.",
                "estack": "CypressError: Timed out retrying: Expected to find element: '#board-size', but never found it.\n    at cypressErr (http://localhost:42747/__cypress/runner/cypress_runner.js:149934:9)\n    at throwErr (http://localhost:42747/__cypress/runner/cypress_runner.js:149867:11)\n    at Object.throwErrByPath (http://localhost:42747/__cypress/runner/cypress_runner.js:149915:3)\n    at retry (http://localhost:42747/__cypress/runner/cypress_runner.js:144197:19)\n    at onFailFn (http://localhost:42747/__cypress/runner/cypress_runner.js:132448:16)\n    at tryCatcher (http://localhost:42747/__cypress/runner/cypress_runner.js:167415:23)\n    at Promise._settlePromiseFromHandler (http://localhost:42747/__cypress/runner/cypress_runner.js:165351:31)\n    at Promise._settlePromise (http://localhost:42747/__cypress/runner/cypress_runner.js:165408:18)\n    at Promise._settlePromise0 (http://localhost:42747/__cypress/runner/cypress_runner.js:165453:10)\n    at Promise._settlePromises (http://localhost:42747/__cypress/runner/cypress_runner.js:165528:18)\n    at Async../node_modules/bluebird/js/release/async.js.Async._drainQueue (http://localhost:42747/__cypress/runner/cypress_runner.js:162140:16)\n    at Async../node_modules/bluebird/js/release/async.js.Async._drainQueues (http://localhost:42747/__cypress/runner/cypress_runner.js:162150:10)\n    at Async.drainQueues (http://localhost:42747/__cypress/runner/cypress_runner.js:162024:14)",
                "diff": null
              },
              "uuid": "e6ac53b9-7411-4933-ac03-595a042a006f",
              "parentUUID": "4edb61b5-faaa-4564-8416-1a8a31758655",
              "isHook": false,
              "skipped": false
            },
            {
              "title": "Verifica se existe um botão com o id `generate-board`",
              "fullTitle": "10 - Faça o quadro de pixels ter seu tamanho definido pelo usuário. Verifica se existe um botão com o id `generate-board`",
              "timedOut": null,
              "duration": 4620,
              "state": "failed",
              "speed": null,
              "pass": false,
              "fail": true,
              "pending": false,
              "context": null,
              "code": "cy.get('#generate-board').should('be.visible');",
              "err": {
                "message": "CypressError: Timed out retrying: Expected to find element: '#generate-board', but never found it.",
                "estack": "CypressError: Timed out retrying: Expected to find element: '#generate-board', but never found it.\n    at cypressErr (http://localhost:42747/__cypress/runner/cypress_runner.js:149934:9)\n    at throwErr (http://localhost:42747/__cypress/runner/cypress_runner.js:149867:11)\n    at Object.throwErrByPath (http://localhost:42747/__cypress/runner/cypress_runner.js:149915:3)\n    at retry (http://localhost:42747/__cypress/runner/cypress_runner.js:144197:19)\n    at onFailFn (http://localhost:42747/__cypress/runner/cypress_runner.js:132448:16)\n    at tryCatcher (http://localhost:42747/__cypress/runner/cypress_runner.js:167415:23)\n    at Promise._settlePromiseFromHandler (http://localhost:42747/__cypress/runner/cypress_runner.js:165351:31)\n    at Promise._settlePromise (http://localhost:42747/__cypress/runner/cypress_runner.js:165408:18)\n    at Promise._settlePromise0 (http://localhost:42747/__cypress/runner/cypress_runner.js:165453:10)\n    at Promise._settlePromises (http://localhost:42747/__cypress/runner/cypress_runner.js:165528:18)\n    at Async../node_modules/bluebird/js/release/async.js.Async._drainQueue (http://localhost:42747/__cypress/runner/cypress_runner.js:162140:16)\n    at Async../node_modules/bluebird/js/release/async.js.Async._drainQueues (http://localhost:42747/__cypress/runner/cypress_runner.js:162150:10)\n    at Async.drainQueues (http://localhost:42747/__cypress/runner/cypress_runner.js:162024:14)",
                "diff": null
              },
              "uuid": "6f378a1d-845e-4232-8dcd-8c566ae89a7e",
              "parentUUID": "4edb61b5-faaa-4564-8416-1a8a31758655",
              "isHook": false,
              "skipped": false
            },
            {
              "title": "Verifica se o input só aceita número maiores que zero. Essa restrição deve ser feita usando os atributos do elemento `input`",
              "fullTitle": "10 - Faça o quadro de pixels ter seu tamanho definido pelo usuário. Verifica se o input só aceita número maiores que zero. Essa restrição deve ser feita usando os atributos do elemento `input`",
              "timedOut": null,
              "duration": 4566,
              "state": "failed",
              "speed": null,
              "pass": false,
              "fail": true,
              "pending": false,
              "context": null,
              "code": "cy.get('#board-size[type=\\'number\\'][min=\\'1\\']');",
              "err": {
                "message": "CypressError: Timed out retrying: Expected to find element: '#board-size[type='number'][min='1']', but never found it.",
                "estack": "CypressError: Timed out retrying: Expected to find element: '#board-size[type='number'][min='1']', but never found it.\n    at cypressErr (http://localhost:42747/__cypress/runner/cypress_runner.js:149934:9)\n    at throwErr (http://localhost:42747/__cypress/runner/cypress_runner.js:149867:11)\n    at Object.throwErrByPath (http://localhost:42747/__cypress/runner/cypress_runner.js:149915:3)\n    at retry (http://localhost:42747/__cypress/runner/cypress_runner.js:144197:19)\n    at onFailFn (http://localhost:42747/__cypress/runner/cypress_runner.js:132448:16)\n    at tryCatcher (http://localhost:42747/__cypress/runner/cypress_runner.js:167415:23)\n    at Promise._settlePromiseFromHandler (http://localhost:42747/__cypress/runner/cypress_runner.js:165351:31)\n    at Promise._settlePromise (http://localhost:42747/__cypress/runner/cypress_runner.js:165408:18)\n    at Promise._settlePromise0 (http://localhost:42747/__cypress/runner/cypress_runner.js:165453:10)\n    at Promise._settlePromises (http://localhost:42747/__cypress/runner/cypress_runner.js:165528:18)\n    at Async../node_modules/bluebird/js/release/async.js.Async._drainQueue (http://localhost:42747/__cypress/runner/cypress_runner.js:162140:16)\n    at Async../node_modules/bluebird/js/release/async.js.Async._drainQueues (http://localhost:42747/__cypress/runner/cypress_runner.js:162150:10)\n    at Async.drainQueues (http://localhost:42747/__cypress/runner/cypress_runner.js:162024:14)",
                "diff": null
              },
              "uuid": "3b3445a9-10f2-4562-8f4e-7a4c9edfa9df",
              "parentUUID": "4edb61b5-faaa-4564-8416-1a8a31758655",
              "isHook": false,
              "skipped": false
            },
            {
              "title": "Verifica se o botão contém o texto 'VQV'",
              "fullTitle": "10 - Faça o quadro de pixels ter seu tamanho definido pelo usuário. Verifica se o botão contém o texto 'VQV'",
              "timedOut": null,
              "duration": 4603,
              "state": "failed",
              "speed": null,
              "pass": false,
              "fail": true,
              "pending": false,
              "context": null,
              "code": "cy.get('#generate-board').contains(/vqv/i);",
              "err": {
                "message": "CypressError: Timed out retrying: Expected to find element: '#generate-board', but never found it.",
                "estack": "CypressError: Timed out retrying: Expected to find element: '#generate-board', but never found it.\n    at cypressErr (http://localhost:42747/__cypress/runner/cypress_runner.js:149934:9)\n    at throwErr (http://localhost:42747/__cypress/runner/cypress_runner.js:149867:11)\n    at Object.throwErrByPath (http://localhost:42747/__cypress/runner/cypress_runner.js:149915:3)\n    at retry (http://localhost:42747/__cypress/runner/cypress_runner.js:144197:19)\n    at onFailFn (http://localhost:42747/__cypress/runner/cypress_runner.js:132448:16)\n    at tryCatcher (http://localhost:42747/__cypress/runner/cypress_runner.js:167415:23)\n    at Promise._settlePromiseFromHandler (http://localhost:42747/__cypress/runner/cypress_runner.js:165351:31)\n    at Promise._settlePromise (http://localhost:42747/__cypress/runner/cypress_runner.js:165408:18)\n    at Promise._settlePromise0 (http://localhost:42747/__cypress/runner/cypress_runner.js:165453:10)\n    at Promise._settlePromises (http://localhost:42747/__cypress/runner/cypress_runner.js:165528:18)\n    at Async../node_modules/bluebird/js/release/async.js.Async._drainQueue (http://localhost:42747/__cypress/runner/cypress_runner.js:162140:16)\n    at Async../node_modules/bluebird/js/release/async.js.Async._drainQueues (http://localhost:42747/__cypress/runner/cypress_runner.js:162150:10)\n    at Async.drainQueues (http://localhost:42747/__cypress/runner/cypress_runner.js:162024:14)",
                "diff": null
              },
              "uuid": "d3b8cd63-0ed9-4d2f-bc92-737e867681b1",
              "parentUUID": "4edb61b5-faaa-4564-8416-1a8a31758655",
              "isHook": false,
              "skipped": false
            },
            {
              "title": "Verifica se o input está posicionado entre a paleta de cores e o quadro de pixels",
              "fullTitle": "10 - Faça o quadro de pixels ter seu tamanho definido pelo usuário. Verifica se o input está posicionado entre a paleta de cores e o quadro de pixels",
              "timedOut": null,
              "duration": 4588,
              "state": "failed",
              "speed": null,
              "pass": false,
              "fail": true,
              "pending": false,
              "context": null,
              "code": "cy.get('#color-palette').then(function (palette) {\n  cy.get('#board-size').should('be.belowOf', palette);\n});\ncy.get('#board-size').then(function (palette) {\n  cy.get('#pixel-board').should('be.belowOf', palette);\n});",
              "err": {
                "message": "CypressError: Timed out retrying: Expected to find element: '#board-size', but never found it.",
                "estack": "CypressError: Timed out retrying: Expected to find element: '#board-size', but never found it.\n    at cypressErr (http://localhost:42747/__cypress/runner/cypress_runner.js:149934:9)\n    at throwErr (http://localhost:42747/__cypress/runner/cypress_runner.js:149867:11)\n    at Object.throwErrByPath (http://localhost:42747/__cypress/runner/cypress_runner.js:149915:3)\n    at retry (http://localhost:42747/__cypress/runner/cypress_runner.js:144197:19)\n    at onFailFn (http://localhost:42747/__cypress/runner/cypress_runner.js:132448:16)\n    at tryCatcher (http://localhost:42747/__cypress/runner/cypress_runner.js:167415:23)\n    at Promise._settlePromiseFromHandler (http://localhost:42747/__cypress/runner/cypress_runner.js:165351:31)\n    at Promise._settlePromise (http://localhost:42747/__cypress/runner/cypress_runner.js:165408:18)\n    at Promise._settlePromise0 (http://localhost:42747/__cypress/runner/cypress_runner.js:165453:10)\n    at Promise._settlePromises (http://localhost:42747/__cypress/runner/cypress_runner.js:165528:18)\n    at Async../node_modules/bluebird/js/release/async.js.Async._drainQueue (http://localhost:42747/__cypress/runner/cypress_runner.js:162140:16)\n    at Async../node_modules/bluebird/js/release/async.js.Async._drainQueues (http://localhost:42747/__cypress/runner/cypress_runner.js:162150:10)\n    at Async.drainQueues (http://localhost:42747/__cypress/runner/cypress_runner.js:162024:14)",
                "diff": null
              },
              "uuid": "cbf6a138-123f-46bd-9868-ede10dadd325",
              "parentUUID": "4edb61b5-faaa-4564-8416-1a8a31758655",
              "isHook": false,
              "skipped": false
            },
            {
              "title": "Verifica se o botão está posicionado ao lado do input",
              "fullTitle": "10 - Faça o quadro de pixels ter seu tamanho definido pelo usuário. Verifica se o botão está posicionado ao lado do input",
              "timedOut": null,
              "duration": 4556,
              "state": "failed",
              "speed": null,
              "pass": false,
              "fail": true,
              "pending": false,
              "context": null,
              "code": "cy.get('#board-size').then(function (board) {\n  cy.get('#generate-board').should('be.onTheRightOf', board);\n});",
              "err": {
                "message": "CypressError: Timed out retrying: Expected to find element: '#board-size', but never found it.",
                "estack": "CypressError: Timed out retrying: Expected to find element: '#board-size', but never found it.\n    at cypressErr (http://localhost:42747/__cypress/runner/cypress_runner.js:149934:9)\n    at throwErr (http://localhost:42747/__cypress/runner/cypress_runner.js:149867:11)\n    at Object.throwErrByPath (http://localhost:42747/__cypress/runner/cypress_runner.js:149915:3)\n    at retry (http://localhost:42747/__cypress/runner/cypress_runner.js:144197:19)\n    at onFailFn (http://localhost:42747/__cypress/runner/cypress_runner.js:132448:16)\n    at tryCatcher (http://localhost:42747/__cypress/runner/cypress_runner.js:167415:23)\n    at Promise._settlePromiseFromHandler (http://localhost:42747/__cypress/runner/cypress_runner.js:165351:31)\n    at Promise._settlePromise (http://localhost:42747/__cypress/runner/cypress_runner.js:165408:18)\n    at Promise._settlePromise0 (http://localhost:42747/__cypress/runner/cypress_runner.js:165453:10)\n    at Promise._settlePromises (http://localhost:42747/__cypress/runner/cypress_runner.js:165528:18)\n    at Async../node_modules/bluebird/js/release/async.js.Async._drainQueue (http://localhost:42747/__cypress/runner/cypress_runner.js:162140:16)\n    at Async../node_modules/bluebird/js/release/async.js.Async._drainQueues (http://localhost:42747/__cypress/runner/cypress_runner.js:162150:10)\n    at Async.drainQueues (http://localhost:42747/__cypress/runner/cypress_runner.js:162024:14)",
                "diff": null
              },
              "uuid": "f96ce673-c287-415e-9770-d9bf53dd80f0",
              "parentUUID": "4edb61b5-faaa-4564-8416-1a8a31758655",
              "isHook": false,
              "skipped": false
            },
            {
              "title": "Verifica se nenhum valor for colocado no input ao clicar no botão, um `alert` é exibido com o texto: 'Board inválido!'",
              "fullTitle": "10 - Faça o quadro de pixels ter seu tamanho definido pelo usuário. Verifica se nenhum valor for colocado no input ao clicar no botão, um `alert` é exibido com o texto: 'Board inválido!'",
              "timedOut": null,
              "duration": 4622,
              "state": "failed",
              "speed": null,
              "pass": false,
              "fail": true,
              "pending": false,
              "context": null,
              "code": "var alerted = false;\ncy.on('window:alert', function (msg) {\n  return alerted = msg;\n});\ncy.get('#generate-board').click().then(function () {\n  return expect(alerted).to.match(/Board inválido!/i);\n});",
              "err": {
                "message": "CypressError: Timed out retrying: Expected to find element: '#generate-board', but never found it.",
                "estack": "CypressError: Timed out retrying: Expected to find element: '#generate-board', but never found it.\n    at cypressErr (http://localhost:42747/__cypress/runner/cypress_runner.js:149934:9)\n    at throwErr (http://localhost:42747/__cypress/runner/cypress_runner.js:149867:11)\n    at Object.throwErrByPath (http://localhost:42747/__cypress/runner/cypress_runner.js:149915:3)\n    at retry (http://localhost:42747/__cypress/runner/cypress_runner.js:144197:19)\n    at onFailFn (http://localhost:42747/__cypress/runner/cypress_runner.js:132448:16)\n    at tryCatcher (http://localhost:42747/__cypress/runner/cypress_runner.js:167415:23)\n    at Promise._settlePromiseFromHandler (http://localhost:42747/__cypress/runner/cypress_runner.js:165351:31)\n    at Promise._settlePromise (http://localhost:42747/__cypress/runner/cypress_runner.js:165408:18)\n    at Promise._settlePromise0 (http://localhost:42747/__cypress/runner/cypress_runner.js:165453:10)\n    at Promise._settlePromises (http://localhost:42747/__cypress/runner/cypress_runner.js:165528:18)\n    at Async../node_modules/bluebird/js/release/async.js.Async._drainQueue (http://localhost:42747/__cypress/runner/cypress_runner.js:162140:16)\n    at Async../node_modules/bluebird/js/release/async.js.Async._drainQueues (http://localhost:42747/__cypress/runner/cypress_runner.js:162150:10)\n    at Async.drainQueues (http://localhost:42747/__cypress/runner/cypress_runner.js:162024:14)",
                "diff": null
              },
              "uuid": "ab4619e7-d5df-4749-a8ea-2cdd8bb347c5",
              "parentUUID": "4edb61b5-faaa-4564-8416-1a8a31758655",
              "isHook": false,
              "skipped": false
            },
            {
              "title": "Verifica se ao clicar no botão com um valor preenchido, o tamanho do board muda.",
              "fullTitle": "10 - Faça o quadro de pixels ter seu tamanho definido pelo usuário. Verifica se ao clicar no botão com um valor preenchido, o tamanho do board muda.",
              "timedOut": null,
              "duration": 4645,
              "state": "failed",
              "speed": null,
              "pass": false,
              "fail": true,
              "pending": false,
              "context": null,
              "code": "cy.get('#board-size').clear().type(10);\ncy.get('#generate-board').click();\ncy.get('.pixel').should('have.length', 100);",
              "err": {
                "message": "CypressError: Timed out retrying: Expected to find element: '#board-size', but never found it.",
                "estack": "CypressError: Timed out retrying: Expected to find element: '#board-size', but never found it.\n    at cypressErr (http://localhost:42747/__cypress/runner/cypress_runner.js:149934:9)\n    at throwErr (http://localhost:42747/__cypress/runner/cypress_runner.js:149867:11)\n    at Object.throwErrByPath (http://localhost:42747/__cypress/runner/cypress_runner.js:149915:3)\n    at retry (http://localhost:42747/__cypress/runner/cypress_runner.js:144197:19)\n    at onFailFn (http://localhost:42747/__cypress/runner/cypress_runner.js:132448:16)\n    at tryCatcher (http://localhost:42747/__cypress/runner/cypress_runner.js:167415:23)\n    at Promise._settlePromiseFromHandler (http://localhost:42747/__cypress/runner/cypress_runner.js:165351:31)\n    at Promise._settlePromise (http://localhost:42747/__cypress/runner/cypress_runner.js:165408:18)\n    at Promise._settlePromise0 (http://localhost:42747/__cypress/runner/cypress_runner.js:165453:10)\n    at Promise._settlePromises (http://localhost:42747/__cypress/runner/cypress_runner.js:165528:18)\n    at Async../node_modules/bluebird/js/release/async.js.Async._drainQueue (http://localhost:42747/__cypress/runner/cypress_runner.js:162140:16)\n    at Async../node_modules/bluebird/js/release/async.js.Async._drainQueues (http://localhost:42747/__cypress/runner/cypress_runner.js:162150:10)\n    at Async.drainQueues (http://localhost:42747/__cypress/runner/cypress_runner.js:162024:14)",
                "diff": null
              },
              "uuid": "5e77f79e-0952-48a2-878c-8ed5cde35b28",
              "parentUUID": "4edb61b5-faaa-4564-8416-1a8a31758655",
              "isHook": false,
              "skipped": false
            },
            {
              "title": "Verifica se o novo quadro tem todos os pixels preenchidos com a cor branca",
              "fullTitle": "10 - Faça o quadro de pixels ter seu tamanho definido pelo usuário. Verifica se o novo quadro tem todos os pixels preenchidos com a cor branca",
              "timedOut": null,
              "duration": 4579,
              "state": "failed",
              "speed": null,
              "pass": false,
              "fail": true,
              "pending": false,
              "context": null,
              "code": "cy.get('#board-size').clear().type(6);\ncy.get('#generate-board').click();\ncy.get('.pixel').should('have.length', 36).each(function (pixel) {\n  expect(pixel).to.have.css('background-color', WHITE);\n});",
              "err": {
                "message": "CypressError: Timed out retrying: Expected to find element: '#board-size', but never found it.",
                "estack": "CypressError: Timed out retrying: Expected to find element: '#board-size', but never found it.\n    at cypressErr (http://localhost:42747/__cypress/runner/cypress_runner.js:149934:9)\n    at throwErr (http://localhost:42747/__cypress/runner/cypress_runner.js:149867:11)\n    at Object.throwErrByPath (http://localhost:42747/__cypress/runner/cypress_runner.js:149915:3)\n    at retry (http://localhost:42747/__cypress/runner/cypress_runner.js:144197:19)\n    at onFailFn (http://localhost:42747/__cypress/runner/cypress_runner.js:132448:16)\n    at tryCatcher (http://localhost:42747/__cypress/runner/cypress_runner.js:167415:23)\n    at Promise._settlePromiseFromHandler (http://localhost:42747/__cypress/runner/cypress_runner.js:165351:31)\n    at Promise._settlePromise (http://localhost:42747/__cypress/runner/cypress_runner.js:165408:18)\n    at Promise._settlePromise0 (http://localhost:42747/__cypress/runner/cypress_runner.js:165453:10)\n    at Promise._settlePromises (http://localhost:42747/__cypress/runner/cypress_runner.js:165528:18)\n    at Async../node_modules/bluebird/js/release/async.js.Async._drainQueue (http://localhost:42747/__cypress/runner/cypress_runner.js:162140:16)\n    at Async../node_modules/bluebird/js/release/async.js.Async._drainQueues (http://localhost:42747/__cypress/runner/cypress_runner.js:162150:10)\n    at Async.drainQueues (http://localhost:42747/__cypress/runner/cypress_runner.js:162024:14)",
                "diff": null
              },
              "uuid": "9a190117-aa39-4df3-94bf-12a8a5adb652",
              "parentUUID": "4edb61b5-faaa-4564-8416-1a8a31758655",
              "isHook": false,
              "skipped": false
            }
          ],
          "suites": [],
          "passes": [],
          "failures": [
            "e6ac53b9-7411-4933-ac03-595a042a006f",
            "6f378a1d-845e-4232-8dcd-8c566ae89a7e",
            "3b3445a9-10f2-4562-8f4e-7a4c9edfa9df",
            "d3b8cd63-0ed9-4d2f-bc92-737e867681b1",
            "cbf6a138-123f-46bd-9868-ede10dadd325",
            "f96ce673-c287-415e-9770-d9bf53dd80f0",
            "ab4619e7-d5df-4749-a8ea-2cdd8bb347c5",
            "5e77f79e-0952-48a2-878c-8ed5cde35b28",
            "9a190117-aa39-4df3-94bf-12a8a5adb652"
          ],
          "pending": [],
          "skipped": [],
          "duration": 41449,
          "root": false,
          "rootEmpty": false,
          "_timeout": 2000
        },
        {
          "uuid": "e77a0d56-339d-4e59-9798-b1438c334f71",
          "title": "11 - Limite o tamanho mínimo e máximo do board.",
          "fullFile": "",
          "file": "",
          "beforeHooks": [],
          "afterHooks": [],
          "tests": [
            {
              "title": "Verifica se a altura máxima do board é 50",
              "fullTitle": "11 - Limite o tamanho mínimo e máximo do board. Verifica se a altura máxima do board é 50",
              "timedOut": null,
              "duration": 4673,
              "state": "failed",
              "speed": null,
              "pass": false,
              "fail": true,
              "pending": false,
              "context": null,
              "code": "cy.get('#board-size').clear().type(50);\ncy.get('#generate-board').click();\ncy.get('.pixel').should('have.length', 2500);",
              "err": {
                "message": "CypressError: Timed out retrying: Expected to find element: '#board-size', but never found it.",
                "estack": "CypressError: Timed out retrying: Expected to find element: '#board-size', but never found it.\n    at cypressErr (http://localhost:42747/__cypress/runner/cypress_runner.js:149934:9)\n    at throwErr (http://localhost:42747/__cypress/runner/cypress_runner.js:149867:11)\n    at Object.throwErrByPath (http://localhost:42747/__cypress/runner/cypress_runner.js:149915:3)\n    at retry (http://localhost:42747/__cypress/runner/cypress_runner.js:144197:19)\n    at onFailFn (http://localhost:42747/__cypress/runner/cypress_runner.js:132448:16)\n    at tryCatcher (http://localhost:42747/__cypress/runner/cypress_runner.js:167415:23)\n    at Promise._settlePromiseFromHandler (http://localhost:42747/__cypress/runner/cypress_runner.js:165351:31)\n    at Promise._settlePromise (http://localhost:42747/__cypress/runner/cypress_runner.js:165408:18)\n    at Promise._settlePromise0 (http://localhost:42747/__cypress/runner/cypress_runner.js:165453:10)\n    at Promise._settlePromises (http://localhost:42747/__cypress/runner/cypress_runner.js:165528:18)\n    at Async../node_modules/bluebird/js/release/async.js.Async._drainQueue (http://localhost:42747/__cypress/runner/cypress_runner.js:162140:16)\n    at Async../node_modules/bluebird/js/release/async.js.Async._drainQueues (http://localhost:42747/__cypress/runner/cypress_runner.js:162150:10)\n    at Async.drainQueues (http://localhost:42747/__cypress/runner/cypress_runner.js:162024:14)",
                "diff": null
              },
              "uuid": "c530673c-0afe-4ba6-9530-e3fa7ce925bf",
              "parentUUID": "e77a0d56-339d-4e59-9798-b1438c334f71",
              "isHook": false,
              "skipped": false
            },
            {
              "title": "Verifica se a altura do board é 5 quando um valor menor é colocado no input",
              "fullTitle": "11 - Limite o tamanho mínimo e máximo do board. Verifica se a altura do board é 5 quando um valor menor é colocado no input",
              "timedOut": null,
              "duration": 4715,
              "state": "failed",
              "speed": null,
              "pass": false,
              "fail": true,
              "pending": false,
              "context": null,
              "code": "cy.get('#board-size').clear().type(4);\ncy.get('#generate-board').click();\ncy.get('.pixel').should('have.length', 25);",
              "err": {
                "message": "CypressError: Timed out retrying: Expected to find element: '#board-size', but never found it.",
                "estack": "CypressError: Timed out retrying: Expected to find element: '#board-size', but never found it.\n    at cypressErr (http://localhost:42747/__cypress/runner/cypress_runner.js:149934:9)\n    at throwErr (http://localhost:42747/__cypress/runner/cypress_runner.js:149867:11)\n    at Object.throwErrByPath (http://localhost:42747/__cypress/runner/cypress_runner.js:149915:3)\n    at retry (http://localhost:42747/__cypress/runner/cypress_runner.js:144197:19)\n    at onFailFn (http://localhost:42747/__cypress/runner/cypress_runner.js:132448:16)\n    at tryCatcher (http://localhost:42747/__cypress/runner/cypress_runner.js:167415:23)\n    at Promise._settlePromiseFromHandler (http://localhost:42747/__cypress/runner/cypress_runner.js:165351:31)\n    at Promise._settlePromise (http://localhost:42747/__cypress/runner/cypress_runner.js:165408:18)\n    at Promise._settlePromise0 (http://localhost:42747/__cypress/runner/cypress_runner.js:165453:10)\n    at Promise._settlePromises (http://localhost:42747/__cypress/runner/cypress_runner.js:165528:18)\n    at Async../node_modules/bluebird/js/release/async.js.Async._drainQueue (http://localhost:42747/__cypress/runner/cypress_runner.js:162140:16)\n    at Async../node_modules/bluebird/js/release/async.js.Async._drainQueues (http://localhost:42747/__cypress/runner/cypress_runner.js:162150:10)\n    at Async.drainQueues (http://localhost:42747/__cypress/runner/cypress_runner.js:162024:14)",
                "diff": null
              },
              "uuid": "d22fdb32-2543-4c8e-90a9-95a46655915e",
              "parentUUID": "e77a0d56-339d-4e59-9798-b1438c334f71",
              "isHook": false,
              "skipped": false
            },
            {
              "title": "Verifica se a altura do board é 50 quando um valor maior é colocado no input",
              "fullTitle": "11 - Limite o tamanho mínimo e máximo do board. Verifica se a altura do board é 50 quando um valor maior é colocado no input",
              "timedOut": null,
              "duration": 4650,
              "state": "failed",
              "speed": null,
              "pass": false,
              "fail": true,
              "pending": false,
              "context": null,
              "code": "cy.get('#board-size').clear().type(51);\ncy.get('#generate-board').click();\ncy.get('.pixel').should('have.length', 2500);",
              "err": {
                "message": "CypressError: Timed out retrying: Expected to find element: '#board-size', but never found it.",
                "estack": "CypressError: Timed out retrying: Expected to find element: '#board-size', but never found it.\n    at cypressErr (http://localhost:42747/__cypress/runner/cypress_runner.js:149934:9)\n    at throwErr (http://localhost:42747/__cypress/runner/cypress_runner.js:149867:11)\n    at Object.throwErrByPath (http://localhost:42747/__cypress/runner/cypress_runner.js:149915:3)\n    at retry (http://localhost:42747/__cypress/runner/cypress_runner.js:144197:19)\n    at onFailFn (http://localhost:42747/__cypress/runner/cypress_runner.js:132448:16)\n    at tryCatcher (http://localhost:42747/__cypress/runner/cypress_runner.js:167415:23)\n    at Promise._settlePromiseFromHandler (http://localhost:42747/__cypress/runner/cypress_runner.js:165351:31)\n    at Promise._settlePromise (http://localhost:42747/__cypress/runner/cypress_runner.js:165408:18)\n    at Promise._settlePromise0 (http://localhost:42747/__cypress/runner/cypress_runner.js:165453:10)\n    at Promise._settlePromises (http://localhost:42747/__cypress/runner/cypress_runner.js:165528:18)\n    at Async../node_modules/bluebird/js/release/async.js.Async._drainQueue (http://localhost:42747/__cypress/runner/cypress_runner.js:162140:16)\n    at Async../node_modules/bluebird/js/release/async.js.Async._drainQueues (http://localhost:42747/__cypress/runner/cypress_runner.js:162150:10)\n    at Async.drainQueues (http://localhost:42747/__cypress/runner/cypress_runner.js:162024:14)",
                "diff": null
              },
              "uuid": "a400b55a-d509-44c8-8e2f-7f3ed811e411",
              "parentUUID": "e77a0d56-339d-4e59-9798-b1438c334f71",
              "isHook": false,
              "skipped": false
            }
          ],
          "suites": [],
          "passes": [],
          "failures": [
            "c530673c-0afe-4ba6-9530-e3fa7ce925bf",
            "d22fdb32-2543-4c8e-90a9-95a46655915e",
            "a400b55a-d509-44c8-8e2f-7f3ed811e411"
          ],
          "pending": [],
          "skipped": [],
          "duration": 14038,
          "root": false,
          "rootEmpty": false,
          "_timeout": 2000
        },
        {
          "uuid": "1ccbf15f-d6bd-483a-9116-0b16d6405278",
          "title": "12 - Faça com que as cores da paleta sejam geradas aleatoriamente ao carregar a página.",
          "fullFile": "",
          "file": "",
          "beforeHooks": [],
          "afterHooks": [],
          "tests": [
            {
              "title": "Verifica se as cores geradas na paleta são diferentes a cada carregamento da página",
              "fullTitle": "12 - Faça com que as cores da paleta sejam geradas aleatoriamente ao carregar a página. Verifica se as cores geradas na paleta são diferentes a cada carregamento da página",
              "timedOut": null,
              "duration": 678,
              "state": "failed",
              "speed": null,
              "pass": false,
              "fail": true,
              "pending": false,
              "context": null,
              "code": "cy.get('.color').then(function (colors) {\n  var currentColors;\n  var previousColors;\n  previousColors = Array.from(colors).map(function (color) {\n    return Cypress.$(color).css('background-color');\n  });\n  for (var i = 0; i < 5; i += 1) {\n    cy.reload();\n    cy.get('.color').then(function (colors) {\n      currentColors = Array.from(colors).map(function (color) {\n        return Cypress.$(color).css('background-color');\n      });\n      expect(currentColors).not.to.deep.equal(previousColors);\n      previousColors = currentColors;\n    });\n  }\n});",
              "err": {
                "message": "AssertionError: expected [ Array(4) ] to not deeply equal [ Array(4) ]",
                "estack": "AssertionError: expected [ Array(4) ] to not deeply equal [ Array(4) ]\n    at getRet (http://localhost:42747/__cypress/runner/cypress_runner.js:136585:16)\n    at tryCatcher (http://localhost:42747/__cypress/runner/cypress_runner.js:167415:23)\n    at Function.Promise.attempt.Promise.try (http://localhost:42747/__cypress/runner/cypress_runner.js:164690:29)\n    at Context.thenFn (http://localhost:42747/__cypress/runner/cypress_runner.js:136599:23)\n    at Context.then (http://localhost:42747/__cypress/runner/cypress_runner.js:136971:21)\n    at Context.<anonymous> (http://localhost:42747/__cypress/runner/cypress_runner.js:148875:21)\n    at http://localhost:42747/__cypress/runner/cypress_runner.js:148351:33\n    at tryCatcher (http://localhost:42747/__cypress/runner/cypress_runner.js:167415:23)\n    at Promise._settlePromiseFromHandler (http://localhost:42747/__cypress/runner/cypress_runner.js:165351:31)\n    at Promise._settlePromise (http://localhost:42747/__cypress/runner/cypress_runner.js:165408:18)\n    at Promise._settlePromiseCtx (http://localhost:42747/__cypress/runner/cypress_runner.js:165445:10)\n    at Async../node_modules/bluebird/js/release/async.js.Async._drainQueue (http://localhost:42747/__cypress/runner/cypress_runner.js:162145:12)\n    at Async../node_modules/bluebird/js/release/async.js.Async._drainQueues (http://localhost:42747/__cypress/runner/cypress_runner.js:162150:10)\n    at Async.drainQueues (http://localhost:42747/__cypress/runner/cypress_runner.js:162024:14)",
                "diff": ""
              },
              "uuid": "3a85637d-ddb0-4aa9-9ce8-4a7e5f3267c1",
              "parentUUID": "1ccbf15f-d6bd-483a-9116-0b16d6405278",
              "isHook": false,
              "skipped": false
            },
            {
              "title": "Verifica se a cor preta ainda está presente e é a primeira na sua paleta de cores",
              "fullTitle": "12 - Faça com que as cores da paleta sejam geradas aleatoriamente ao carregar a página. Verifica se a cor preta ainda está presente e é a primeira na sua paleta de cores",
              "timedOut": null,
              "duration": 540,
              "state": "failed",
              "speed": null,
              "pass": false,
              "fail": true,
              "pending": false,
              "context": null,
              "code": "cy.get('.color').then(function (colors) {\n  var currentColors;\n  var previousColors;\n  previousColors = Array.from(colors).map(function (color) {\n    return Cypress.$(color).css('background-color');\n  });\n  expect(previousColors[0]).to.eq(BLACK);\n  for (var i = 0; i < 5; i += 1) {\n    cy.reload();\n    cy.get('.color').then(function (colors) {\n      currentColors = Array.from(colors).map(function (color) {\n        return Cypress.$(color).css('background-color');\n      });\n      expect(currentColors[0]).to.eq(BLACK);\n      expect(currentColors).not.to.deep.equal(previousColors);\n      previousColors = currentColors;\n    });\n  }\n});",
              "err": {
                "message": "AssertionError: expected [ Array(4) ] to not deeply equal [ Array(4) ]",
                "estack": "AssertionError: expected [ Array(4) ] to not deeply equal [ Array(4) ]\n    at getRet (http://localhost:42747/__cypress/runner/cypress_runner.js:136585:16)\n    at tryCatcher (http://localhost:42747/__cypress/runner/cypress_runner.js:167415:23)\n    at Function.Promise.attempt.Promise.try (http://localhost:42747/__cypress/runner/cypress_runner.js:164690:29)\n    at Context.thenFn (http://localhost:42747/__cypress/runner/cypress_runner.js:136599:23)\n    at Context.then (http://localhost:42747/__cypress/runner/cypress_runner.js:136971:21)\n    at Context.<anonymous> (http://localhost:42747/__cypress/runner/cypress_runner.js:148875:21)\n    at http://localhost:42747/__cypress/runner/cypress_runner.js:148351:33\n    at tryCatcher (http://localhost:42747/__cypress/runner/cypress_runner.js:167415:23)\n    at Promise._settlePromiseFromHandler (http://localhost:42747/__cypress/runner/cypress_runner.js:165351:31)\n    at Promise._settlePromise (http://localhost:42747/__cypress/runner/cypress_runner.js:165408:18)\n    at Promise._settlePromiseCtx (http://localhost:42747/__cypress/runner/cypress_runner.js:165445:10)\n    at Async../node_modules/bluebird/js/release/async.js.Async._drainQueue (http://localhost:42747/__cypress/runner/cypress_runner.js:162145:12)\n    at Async../node_modules/bluebird/js/release/async.js.Async._drainQueues (http://localhost:42747/__cypress/runner/cypress_runner.js:162150:10)\n    at Async.drainQueues (http://localhost:42747/__cypress/runner/cypress_runner.js:162024:14)",
                "diff": ""
              },
              "uuid": "dcb0d3f6-b069-4cc4-9c77-d2932b638ca2",
              "parentUUID": "1ccbf15f-d6bd-483a-9116-0b16d6405278",
              "isHook": false,
              "skipped": false
            }
          ],
          "suites": [],
          "passes": [],
          "failures": [
            "3a85637d-ddb0-4aa9-9ce8-4a7e5f3267c1",
            "dcb0d3f6-b069-4cc4-9c77-d2932b638ca2"
          ],
          "pending": [],
          "skipped": [],
          "duration": 1218,
          "root": false,
          "rootEmpty": false,
          "_timeout": 2000
        }
      ],
      "passes": [],
      "failures": [],
      "pending": [],
      "skipped": [],
      "duration": 0,
      "root": true,
      "rootEmpty": true,
      "_timeout": 2000
    }
  ],
  "meta": {
    "mocha": {
      "version": "7.0.1"
    },
    "mochawesome": {
      "options": {
        "quiet": false,
        "reportFilename": "mochawesome",
        "saveHtml": false,
        "saveJson": true,
        "consoleReporter": "spec",
        "useInlineDiffs": false
      },
      "version": "4.1.0"
    },
    "marge": {
      "options": {
        "id": "default",
        "reportDir": "cypress/reports",
        "overwrite": true,
        "html": false,
        "json": true
      },
      "version": "4.1.0"
    }
  }
}